0 info it worked if it ends with ok
1 verbose cli [ '/usr/local/bin/node', '/usr/local/bin/npm', 'run', 'build' ]
2 info using npm@2.15.9
3 info using node@v4.5.0
4 verbose run-script [ 'prebuild', 'build', 'postbuild' ]
5 info prebuild Calculate@2.2.2
6 info build Calculate@2.2.2
7 verbose unsafe-perm in lifecycle true
8 info Calculate@2.2.2 Failed to exec build script
9 verbose stack Error: Calculate@2.2.2 build: `electron-packager . Calculate --platform=darwin --arch=x64 --version=1.01 --overwrite --icon=Calculator`
9 verbose stack Exit status 1
9 verbose stack     at EventEmitter.<anonymous> (/usr/local/lib/node_modules/npm/lib/utils/lifecycle.js:217:16)
9 verbose stack     at emitTwo (events.js:87:13)
9 verbose stack     at EventEmitter.emit (events.js:172:7)
9 verbose stack     at ChildProcess.<anonymous> (/usr/local/lib/node_modules/npm/lib/utils/spawn.js:24:14)
9 verbose stack     at emitTwo (events.js:87:13)
9 verbose stack     at ChildProcess.emit (events.js:172:7)
9 verbose stack     at maybeClose (internal/child_process.js:829:16)
9 verbose stack     at Process.ChildProcess._handle.onexit (internal/child_process.js:211:5)
10 verbose pkgid Calculate@2.2.2
11 verbose cwd /Users/MarcoPizarro/GitHub/TaskbarApp
12 error Darwin 16.0.0
13 error argv "/usr/local/bin/node" "/usr/local/bin/npm" "run" "build"
14 error node v4.5.0
15 error npm  v2.15.9
16 error code ELIFECYCLE
17 error Calculate@2.2.2 build: `electron-packager . Calculate --platform=darwin --arch=x64 --version=1.01 --overwrite --icon=Calculator`
17 error Exit status 1
18 error Failed at the Calculate@2.2.2 build script 'electron-packager . Calculate --platform=darwin --arch=x64 --version=1.01 --overwrite --icon=Calculator'.
18 error This is most likely a problem with the Calculate package,
18 error not with npm itself.
18 error Tell the author that this fails on your system:
18 error     electron-packager . Calculate --platform=darwin --arch=x64 --version=1.01 --overwrite --icon=Calculator
18 error You can get information on how to open an issue for this project with:
18 error     npm bugs Calculate
18 error Or if that isn't available, you can get their info via:
18 error
18 error     npm owner ls Calculate
18 error There is likely additional logging output above.
19 verbose exit [ 1, true ]
